<?xml version="1.0" encoding="UTF-8"?>
<!-- Generated by org.testng.reporters.JUnitReportReporter -->
<testsuite hostname="sys" name="com.orangehrm.testsuite.Logout" tests="2" failures="0" timestamp="18 Aug 2015 13:16:03 GMT" time="9.628" errors="0">
  <testcase name="logoutTest" time="1.021" classname="com.orangehrm.testsuite.Logout"/>
  <testcase name="logoutTest" time="8.607" classname="com.orangehrm.testsuite.Logout"/>
</testsuite> <!-- com.orangehrm.testsuite.Logout -->
