<?xml version="1.0" encoding="UTF-8"?>
<!-- Generated by org.testng.reporters.JUnitReportReporter -->
<testsuite hostname="sys" name="com.orangehrm.testsuite.Login" tests="2" failures="0" timestamp="18 Aug 2015 13:16:03 GMT" time="63.952" errors="0">
  <testcase name="loginTest" time="23.440" classname="com.orangehrm.testsuite.Login"/>
  <testcase name="loginTest" time="40.512" classname="com.orangehrm.testsuite.Login"/>
</testsuite> <!-- com.orangehrm.testsuite.Login -->
